02-09 00:46--INFO:Server information loaded
02-09 00:46--INFO:Initializing SMTP server connection...
02-09 00:46--INFO:Server auth successful.
02-09 00:46--INFO:Initializing user authentication...
02-09 00:46--INFO:User auth complete
02-09 00:46--INFO:Closing server connection...
02-09 00:46--INFO:Server is now closed
02-09 00:50--INFO:Server information loaded
02-09 00:50--INFO:Initializing SMTP server connection...
02-09 00:50--INFO:Server auth successful.
02-09 00:50--INFO:Initializing user authentication...
02-09 00:50--INFO:User auth complete
02-09 00:50--INFO:Closing server connection...
02-09 00:50--INFO:Server is now closed
02-09 00:52--INFO:Server information loaded
02-09 00:52--INFO:Initializing SMTP server connection...
02-09 00:52--INFO:Server auth successful.
02-09 00:52--INFO:Initializing user authentication...
02-09 00:52--INFO:User auth complete
02-09 00:52--INFO:Closing server connection...
02-09 00:52--INFO:Server is now closed
